2025-09-01 08:48:33,189 - INFO - 开始监控座位数据 - 日期: 2025-09-01
2025-09-01 08:48:34,829 - INFO - 请求API: http://libzw.csu.edu.cn/api.php/v3areas/95
2025-09-01 08:48:35,340 - INFO - 成功获取数据 - 总座位: 292, 可用: 15, 区域数: 3
2025-09-01 08:48:35,341 - INFO - 数据已追加到 2025-09-01.csv, 共3条记录
2025-09-01 08:48:35,341 - INFO - 数据处理完成
2025-09-01 08:55:43,354 - INFO - 开始监控座位数据 - 日期: 2025-09-01
2025-09-01 08:55:46,038 - INFO - 请求API: http://libzw.csu.edu.cn/api.php/v3areas/95
2025-09-01 08:55:46,733 - INFO - 成功获取数据 - 总座位: 292, 可用: 16, 区域数: 3
2025-09-01 08:55:46,734 - INFO - 数据已追加到 2025-09-01.csv, 共3条记录
2025-09-01 08:55:46,734 - INFO - 数据处理完成
2025-09-01 09:27:22,446 - INFO - 开始监控座位数据 - 日期: 2025-09-01
2025-09-01 09:27:23,947 - INFO - 请求API: http://libzw.csu.edu.cn/api.php/v3areas/95
2025-09-01 09:27:24,544 - INFO - 成功获取数据 - 总座位: 292, 可用: 24, 区域数: 3
2025-09-01 09:27:24,544 - INFO - 数据已追加到 2025-09-01.csv, 共3条记录
2025-09-01 09:27:24,545 - INFO - 数据处理完成
2025-09-01 09:45:10,892 - INFO - 开始监控座位数据 - 日期: 2025-09-01
2025-09-01 09:45:12,817 - INFO - 请求API: http://libzw.csu.edu.cn/api.php/v3areas/95
2025-09-01 09:45:13,598 - INFO - 成功获取数据 - 总座位: 292, 可用: 33, 区域数: 3
2025-09-01 09:45:13,598 - INFO - 数据已追加到 2025-09-01.csv, 共3条记录
2025-09-01 09:45:13,598 - INFO - 数据处理完成
2025-09-01 09:57:01,177 - INFO - 开始监控座位数据 - 日期: 2025-09-01
2025-09-01 09:57:03,508 - INFO - 请求API: http://libzw.csu.edu.cn/api.php/v3areas/95
2025-09-01 09:57:04,118 - INFO - 成功获取数据 - 总座位: 292, 可用: 36, 区域数: 3
2025-09-01 09:57:04,118 - INFO - 数据已追加到 2025-09-01.csv, 共3条记录
2025-09-01 09:57:04,119 - INFO - 数据处理完成
2025-09-01 10:29:28,536 - INFO - 开始监控座位数据 - 日期: 2025-09-01
2025-09-01 10:29:31,233 - INFO - 请求API: http://libzw.csu.edu.cn/api.php/v3areas/95
2025-09-01 10:29:31,809 - INFO - 成功获取数据 - 总座位: 292, 可用: 50, 区域数: 3
2025-09-01 10:29:31,809 - INFO - 数据已追加到 2025-09-01.csv, 共3条记录
2025-09-01 10:29:31,809 - INFO - 数据处理完成
2025-09-01 10:47:15,944 - INFO - 开始监控座位数据 - 日期: 2025-09-01
2025-09-01 10:47:17,885 - INFO - 请求API: http://libzw.csu.edu.cn/api.php/v3areas/95
2025-09-01 10:47:18,475 - INFO - 成功获取数据 - 总座位: 292, 可用: 53, 区域数: 3
2025-09-01 10:47:18,476 - INFO - 数据已追加到 2025-09-01.csv, 共3条记录
2025-09-01 10:47:18,476 - INFO - 数据处理完成
2025-09-01 10:59:14,448 - INFO - 开始监控座位数据 - 日期: 2025-09-01
2025-09-01 10:59:17,099 - INFO - 请求API: http://libzw.csu.edu.cn/api.php/v3areas/95
2025-09-01 10:59:17,867 - INFO - 成功获取数据 - 总座位: 292, 可用: 60, 区域数: 3
2025-09-01 10:59:17,867 - INFO - 数据已追加到 2025-09-01.csv, 共3条记录
2025-09-01 10:59:17,867 - INFO - 数据处理完成
2025-09-01 11:22:36,561 - INFO - 开始监控座位数据 - 日期: 2025-09-01
2025-09-01 11:22:39,066 - INFO - 请求API: http://libzw.csu.edu.cn/api.php/v3areas/95
2025-09-01 11:22:39,831 - INFO - 成功获取数据 - 总座位: 292, 可用: 58, 区域数: 3
2025-09-01 11:22:39,831 - INFO - 数据已追加到 2025-09-01.csv, 共3条记录
2025-09-01 11:22:39,831 - INFO - 数据处理完成
2025-09-01 11:36:28,001 - INFO - 开始监控座位数据 - 日期: 2025-09-01
2025-09-01 11:36:30,706 - INFO - 请求API: http://libzw.csu.edu.cn/api.php/v3areas/95
2025-09-01 11:36:31,486 - INFO - 成功获取数据 - 总座位: 292, 可用: 58, 区域数: 3
2025-09-01 11:36:31,486 - INFO - 数据已追加到 2025-09-01.csv, 共3条记录
2025-09-01 11:36:31,487 - INFO - 数据处理完成
2025-09-01 11:48:40,615 - INFO - 开始监控座位数据 - 日期: 2025-09-01
2025-09-01 11:48:42,952 - INFO - 请求API: http://libzw.csu.edu.cn/api.php/v3areas/95
2025-09-01 11:48:43,632 - INFO - 成功获取数据 - 总座位: 292, 可用: 65, 区域数: 3
2025-09-01 11:48:43,632 - INFO - 数据已追加到 2025-09-01.csv, 共3条记录
2025-09-01 11:48:43,632 - INFO - 数据处理完成
2025-09-01 12:00:16,365 - INFO - 开始监控座位数据 - 日期: 2025-09-01
2025-09-01 12:00:22,232 - INFO - 请求API: http://libzw.csu.edu.cn/api.php/v3areas/95
2025-09-01 12:00:22,906 - INFO - 成功获取数据 - 总座位: 292, 可用: 72, 区域数: 3
2025-09-01 12:00:22,906 - INFO - 数据已追加到 2025-09-01.csv, 共3条记录
2025-09-01 12:00:22,907 - INFO - 数据处理完成
2025-09-01 12:56:11,555 - INFO - 开始监控座位数据 - 日期: 2025-09-01
2025-09-01 12:56:14,025 - INFO - 请求API: http://libzw.csu.edu.cn/api.php/v3areas/95
2025-09-01 12:56:14,588 - INFO - 成功获取数据 - 总座位: 292, 可用: 99, 区域数: 3
2025-09-01 12:56:14,588 - INFO - 数据已追加到 2025-09-01.csv, 共3条记录
2025-09-01 12:56:14,589 - INFO - 数据处理完成
2025-09-01 13:32:58,247 - INFO - 开始监控座位数据 - 日期: 2025-09-01
2025-09-01 13:33:00,822 - INFO - 请求API: http://libzw.csu.edu.cn/api.php/v3areas/95
2025-09-01 13:33:01,555 - INFO - 成功获取数据 - 总座位: 292, 可用: 139, 区域数: 3
2025-09-01 13:33:01,555 - INFO - 数据已追加到 2025-09-01.csv, 共3条记录
2025-09-01 13:33:01,555 - INFO - 数据处理完成
